<?xml version="1.0" encoding="UTF-8"?>
<testng-results skipped="0" failed="0" ignored="0" total="0" passed="0">
  <reporter-output>
  </reporter-output>
  <suite name="Default suite" duration-ms="359" started-at="2023-03-22T13:57:42 IST" finished-at="2023-03-22T13:57:42 IST">
    <groups>
      <group name="cucumber">
        <method signature="AbstractTestNGCucumberTests.runScenario(io.cucumber.testng.PickleWrapper,io.cucumber.testng.FeatureWrapper)[pri:0, instance:Runner.Testrun@b7dd107]" name="runScenario" class="io.cucumber.testng.AbstractTestNGCucumberTests"/>
      </group> <!-- cucumber -->
    </groups>
    <test name="Default test" duration-ms="359" started-at="2023-03-22T13:57:42 IST" finished-at="2023-03-22T13:57:42 IST">
      <class name="Runner.Testrun">
        <test-method status="PASS" signature="setUpClass()[pri:0, instance:Runner.Testrun@b7dd107]" name="setUpClass" is-config="true" duration-ms="310" started-at="2023-03-22T13:57:42 IST" finished-at="2023-03-22T13:57:42 IST">
          <reporter-output>
          </reporter-output>
        </test-method> <!-- setUpClass -->
        <test-method status="PASS" signature="tearDownClass()[pri:0, instance:Runner.Testrun@b7dd107]" name="tearDownClass" is-config="true" duration-ms="27" started-at="2023-03-22T13:57:42 IST" finished-at="2023-03-22T13:57:42 IST">
          <reporter-output>
          </reporter-output>
        </test-method> <!-- tearDownClass -->
      </class> <!-- Runner.Testrun -->
    </test> <!-- Default test -->
  </suite> <!-- Default suite -->
</testng-results>
